<?xml version="1.0" encoding="UTF-8"?>
<!-- Generated by org.testng.reporters.JUnitReportReporter -->
<testsuite hostname="BATTAR-NB" failures="0" tests="1" name="Test.Ercontactscreentest" time="70.526" errors="0" timestamp="2023-01-19T10:58:18 IST" skipped="0">
  <testcase classname="Test.Ercontactscreentest" name="clickonapplication" time="70.526"/>
  <system-out/>
</testsuite> <!-- Test.Ercontactscreentest -->
