<?xml version="1.0" encoding="UTF-8"?>
<!-- Generated by org.testng.reporters.JUnitReportReporter -->
<testsuite hostname="BATTAR-NB" failures="0" tests="2" name="Test.Erlogintest" time="23.769" errors="0" timestamp="2023-01-16T11:19:38 IST" skipped="0">
  <testcase classname="Test.Erlogintest" name="Browser" time="6.476"/>
  <system-out/>
  <testcase classname="Test.Erlogintest" name="Loginwithcredentials" time="17.293"/>
  <system-out/>
</testsuite> <!-- Test.Erlogintest -->
