<?xml version="1.0" encoding="UTF-8"?>
<!-- Generated by org.testng.reporters.JUnitReportReporter -->
<testsuite hostname="BATTAR-NB" failures="0" tests="1" name="Test.Erapplicationtest" time="27.988" errors="0" timestamp="2023-01-16T14:55:21 IST" skipped="0">
  <testcase classname="Test.Erapplicationtest" name="clickonapplication" time="27.988"/>
  <system-out/>
</testsuite> <!-- Test.Erapplicationtest -->
