<?xml version="1.0" encoding="UTF-8"?>
<!-- Generated by org.testng.reporters.JUnitReportReporter -->
<testsuite hostname="BATTAR-NB" failures="0" tests="1" name="Test.TestAllScenario" time="89.471" errors="0" timestamp="2023-01-22T12:17:18 IST" skipped="0">
  <testcase classname="Test.TestAllScenario" name="scenario19_20_21" time="89.471"/>
  <system-out/>
</testsuite> <!-- Test.TestAllScenario -->
