<?xml version="1.0" encoding="UTF-8"?>
<!-- Generated by org.testng.reporters.JUnitReportReporter -->
<testsuite hostname="BATTAR-NB" failures="0" tests="1" name="Test.Eraccepttest" time="22.205" errors="0" timestamp="2023-01-16T11:04:46 IST" skipped="0">
  <testcase classname="Test.Eraccepttest" name="clickonaccept" time="22.205"/>
  <system-out/>
</testsuite> <!-- Test.Eraccepttest -->
